# JRE version: Java(TM) SE Runtime Environment (21.0.2+13) (build 21.0.2+13-LTS-58)
# Java VM: Java HotSpot(TM) 64-Bit Server VM (21.0.2+13-LTS-58, mixed mode, sharing, tiered, compressed oops, compressed class ptrs, g1 gc, windows-amd64)
GC Precious Log:
 CardTable entry size: 512
 Card Set container configuration: InlinePtr #cards 5 size 8 Array Of Cards #cards 12 size 40 Howl #buckets 4 coarsen threshold 1843 Howl Bitmap #cards 512 size 80 coarsen threshold 460 Card regions per heap region 1 cards per card region 2048
 CPUs: 12 total, 12 available
 Memory: 7876M
 Large Page Support: Disabled
 NUMA Support: Disabled
 Compressed Oops: Enabled (32-bit)
 Heap Region Size: 1M
 Heap Min Capacity: 8M
 Heap Initial Capacity: 124M
 Heap Max Capacity: 1970M
 Pre-touch: Disabled
 Parallel Workers: 10
 Concurrent Workers: 3
 Concurrent Refinement Workers: 10
 Periodic GC: Disabled
Heap:
 garbage-first heap   total 69632K, used 52130K [0x0000000084e00000, 0x0000000100000000)
  region size 1024K, 3 young (3072K), 2 survivors (2048K)
 Metaspace       used 25730K, committed 26048K, reserved 1114112K
  class space    used 2977K, committed 3136K, reserved 1048576K
GC Heap History (10 events):
Event: 4.766 GC heap before
{Heap before GC invocations=0 (full 0):
 garbage-first heap   total 126976K, used 23552K [0x0000000084e00000, 0x0000000100000000)
  region size 1024K, 23 young (23552K), 0 survivors (0K)
 Metaspace       used 5650K, committed 5888K, reserved 1114112K
  class space    used 658K, committed 768K, reserved 1048576K
}
Event: 4.811 GC heap after
{Heap after GC invocations=1 (full 0):
 garbage-first heap   total 126976K, used 3752K [0x0000000084e00000, 0x0000000100000000)
  region size 1024K, 3 young (3072K), 3 survivors (3072K)
 Metaspace       used 5650K, committed 5888K, reserved 1114112K
  class space    used 658K, committed 768K, reserved 1048576K
}
Event: 9.593 GC heap before
{Heap before GC invocations=1 (full 0):
 garbage-first heap   total 126976K, used 31400K [0x0000000084e00000, 0x0000000100000000)
  region size 1024K, 30 young (30720K), 3 survivors (3072K)
 Metaspace       used 9121K, committed 9280K, reserved 1114112K
  class space    used 1075K, committed 1152K, reserved 1048576K
}
Event: 9.612 GC heap after
{Heap after GC invocations=2 (full 0):
 garbage-first heap   total 126976K, used 5334K [0x0000000084e00000, 0x0000000100000000)
  region size 1024K, 2 young (2048K), 2 survivors (2048K)
 Metaspace       used 9121K, committed 9280K, reserved 1114112K
  class space    used 1075K, committed 1152K, reserved 1048576K
}
Event: 22.820 GC heap before
{Heap before GC invocations=2 (full 0):
 garbage-first heap   total 126976K, used 68822K [0x0000000084e00000, 0x0000000100000000)
  region size 1024K, 66 young (67584K), 2 survivors (2048K)
 Metaspace       used 21292K, committed 21504K, reserved 1114112K
  class space    used 2537K, committed 2624K, reserved 1048576K
}
Event: 22.874 GC heap after
{Heap after GC invocations=3 (full 0):
 garbage-first heap   total 126976K, used 14013K [0x0000000084e00000, 0x0000000100000000)
  region size 1024K, 10 young (10240K), 10 survivors (10240K)
 Metaspace       used 21292K, committed 21504K, reserved 1114112K
  class space    used 2537K, committed 2624K, reserved 1048576K
}
Event: 30.315 GC heap before
{Heap before GC invocations=4 (full 0):
 garbage-first heap   total 55296K, used 54973K [0x0000000084e00000, 0x0000000100000000)
  region size 1024K, 50 young (51200K), 10 survivors (10240K)
 Metaspace       used 24299K, committed 24576K, reserved 1114112K
  class space    used 2852K, committed 2944K, reserved 1048576K
}
Event: 30.376 GC heap after
{Heap after GC invocations=5 (full 0):
 garbage-first heap   total 69632K, used 18004K [0x0000000084e00000, 0x0000000100000000)
  region size 1024K, 4 young (4096K), 4 survivors (4096K)
 Metaspace       used 24299K, committed 24576K, reserved 1114112K
  class space    used 2852K, committed 2944K, reserved 1048576K
}
Event: 37.082 GC heap before
{Heap before GC invocations=5 (full 0):
 garbage-first heap   total 69632K, used 53844K [0x0000000084e00000, 0x0000000100000000)
  region size 1024K, 39 young (39936K), 4 survivors (4096K)
 Metaspace       used 24846K, committed 25024K, reserved 1114112K
  class space    used 2872K, committed 2944K, reserved 1048576K
}
Event: 37.101 GC heap after
{Heap after GC invocations=6 (full 0):
 garbage-first heap   total 69632K, used 18901K [0x0000000084e00000, 0x0000000100000000)
  region size 1024K, 2 young (2048K), 2 survivors (2048K)
 Metaspace       used 24846K, committed 25024K, reserved 1114112K
  class space    used 2872K, committed 2944K, reserved 1048576K
}

